[29-Mar-2020 08:24:07 UTC] WpssoUtil::get_image_url_info warning: Slow PHP function detected - getimagesize() took 1.580 secs for https://www.canyoudrinktapwaterin.com/wp-content/uploads/2020/01/Oxxo.jpg (longer than recommended max of 1.500 secs).
[29-Mar-2020 14:12:15 UTC] WpssoUtil::get_image_url_info warning: Slow PHP function detected - getimagesize() took 2.105 secs for https://www.canyoudrinktapwaterin.com/wp-content/uploads/2020/01/Bodega-Express.jpg (longer than recommended max of 1.500 secs).
[30-Mar-2020 02:22:28 UTC] WpssoUtil::get_image_url_info warning: Slow PHP function detected - getimagesize() took 1.726 secs for https://www.canyoudrinktapwaterin.com/wp-content/uploads/2020/01/Rosario-1.jpg (longer than recommended max of 1.500 secs).
[30-Mar-2020 05:05:14 UTC] WpssoUtil::get_image_url_info warning: Slow PHP function detected - getimagesize() took 4.047 secs for https://www.canyoudrinktapwaterin.com/wp-content/uploads/2020/01/Shop-Go-1.jpg (longer than recommended max of 1.500 secs).
[31-Mar-2020 23:44:37 UTC] WpssoUtil::get_image_url_info warning: Slow PHP function detected - getimagesize() took 1.593 secs for https://www.canyoudrinktapwaterin.com/wp-content/uploads/2020/01/Tokyo-1.jpg (longer than recommended max of 1.500 secs).
[02-Apr-2020 15:04:42 UTC] WpssoUtil::get_image_url_info warning: Slow PHP function detected - getimagesize() took 1.822 secs for https://www.canyoudrinktapwaterin.com/wp-content/uploads/2020/01/Limmat-river-1.jpg (longer than recommended max of 1.500 secs).
[02-Apr-2020 15:09:33 UTC] WpssoUtil::get_image_url_info warning: Slow PHP function detected - getimagesize() took 1.699 secs for https://www.canyoudrinktapwaterin.com/wp-content/uploads/2020/01/Buenos-Aires-1.jpg (longer than recommended max of 1.500 secs).
[02-Apr-2020 15:09:58 UTC] WpssoUtil::get_image_url_info warning: Slow PHP function detected - getimagesize() took 1.696 secs for https://www.canyoudrinktapwaterin.com/wp-content/uploads/2020/01/Santiago-Tap-Water-1.jpg (longer than recommended max of 1.500 secs).
[03-Apr-2020 10:14:24 UTC] WpssoUtil::get_image_url_info warning: Slow PHP function detected - getimagesize() took 2.007 secs for https://www.canyoudrinktapwaterin.com/wp-content/uploads/2020/01/ABC-Stores-1.jpg (longer than recommended max of 1.500 secs).
[03-Apr-2020 12:30:40 UTC] WpssoUtil::get_image_url_info warning: Slow PHP function detected - getimagesize() took 1.608 secs for https://www.canyoudrinktapwaterin.com/wp-content/uploads/2020/01/Ezymart.jpg (longer than recommended max of 1.500 secs).
[03-Apr-2020 16:08:45 UTC] WpssoUtil::get_image_url_info warning: Slow PHP function detected - getimagesize() took 1.630 secs for https://www.canyoudrinktapwaterin.com/wp-content/uploads/2020/01/MExico-711-1.jpg (longer than recommended max of 1.500 secs).
[06-Apr-2020 02:45:31 UTC] SucomCache::get error: Error removing cache file /home/tapwater/canyoudrinktapwaterin.com/wp-content/cache/wpsso/d3fd05e26a2459417120235596d94980.jpg.
[06-Apr-2020 14:39:18 UTC] WpssoUtil::get_image_url_info warning: Slow PHP function detected - getimagesize() took 6.702 secs for https://www.canyoudrinktapwaterin.com/wp-content/uploads/2020/01/New-York-Statue-of-Liberty-1.jpg (longer than recommended max of 1.500 secs).
[06-Apr-2020 14:39:22 UTC] WpssoUtil::get_image_url_info warning: Slow PHP function detected - getimagesize() took 4.516 secs for https://www.canyoudrinktapwaterin.com/wp-content/uploads/2020/01/Sunrise_Mart_NY-1.jpg (longer than recommended max of 1.500 secs).
[07-Apr-2020 07:05:35 UTC] WpssoUtil::get_image_url_info warning: Slow PHP function detected - getimagesize() took 1.633 secs for https://www.canyoudrinktapwaterin.com/wp-content/uploads/2020/01/EuroSpar-express.jpg (longer than recommended max of 1.500 secs).
[08-Apr-2020 00:20:24 UTC] WpssoUtil::get_image_url_info warning: Slow PHP function detected - getimagesize() took 1.899 secs for https://www.canyoudrinktapwaterin.com/wp-content/uploads/2020/01/City-Mart-1.jpg (longer than recommended max of 1.500 secs).
[08-Apr-2020 00:20:24 UTC] WpssoUtil::get_image_url_info warning: Slow PHP function detected - getimagesize() took 1.547 secs for https://www.canyoudrinktapwaterin.com/wp-content/uploads/2020/01/City-Mart-1.jpg (longer than recommended max of 1.500 secs).
[08-Apr-2020 08:13:04 UTC] WpssoUtil::get_image_url_info warning: Slow PHP function detected - getimagesize() took 1.613 secs for https://www.canyoudrinktapwaterin.com/wp-content/uploads/2020/01/ABC-Stores-1.jpg (longer than recommended max of 1.500 secs).
[10-Apr-2020 16:18:39 UTC] WpssoUtil::get_image_url_info warning: Slow PHP function detected - getimagesize() took 1.655 secs for https://www.canyoudrinktapwaterin.com/wp-content/uploads/2020/01/Rajshahi.jpg (longer than recommended max of 1.500 secs).
[13-Apr-2020 11:05:42 UTC] WpssoUtil::get_image_url_info warning: Slow PHP function detected - getimagesize() took 1.549 secs for https://www.canyoudrinktapwaterin.com/wp-content/uploads/2020/01/Lake-Como-1.jpg (longer than recommended max of 1.500 secs).
[13-Apr-2020 22:14:10 UTC] WpssoUtil::get_image_url_info warning: Slow PHP function detected - getimagesize() took 1.908 secs for https://www.canyoudrinktapwaterin.com/wp-content/uploads/2020/01/Coastal-Market.jpg (longer than recommended max of 1.500 secs).
[15-Apr-2020 12:47:34 UTC] WpssoTerm::get_posts_ids warning: Slow query detected - get_posts() took 0.134 secs to get posts for term ID 68 in taxonomy category (longer than recommended max of 0.100 secs).
[16-Apr-2020 11:01:33 UTC] WpssoUtil::get_image_url_info warning: Slow PHP function detected - getimagesize() took 1.527 secs for https://www.canyoudrinktapwaterin.com/wp-content/uploads/2020/01/Montevideo-Plaza-Independencia.jpg (longer than recommended max of 1.500 secs).
[16-Apr-2020 17:54:12 UTC] WpssoUtil::get_image_url_info warning: Slow PHP function detected - getimagesize() took 1.647 secs for https://www.canyoudrinktapwaterin.com/wp-content/uploads/2020/01/BK-Convenience-Store-1.jpg (longer than recommended max of 1.500 secs).
[16-Apr-2020 17:55:36 UTC] WpssoUtil::get_image_url_info warning: Slow PHP function detected - getimagesize() took 2.112 secs for https://www.canyoudrinktapwaterin.com/wp-content/uploads/2020/01/Buzz-Singapore-1.jpg (longer than recommended max of 1.500 secs).
[16-Apr-2020 17:55:37 UTC] WpssoUtil::get_image_url_info warning: Slow PHP function detected - getimagesize() took 1.769 secs for https://www.canyoudrinktapwaterin.com/wp-content/uploads/2020/01/Buzz-Singapore-1.jpg (longer than recommended max of 1.500 secs).
